0 info it worked if it ends with ok
1 verbose cli [ 'node', '/usr/local/bin/npm', 'install', '-g', 'generator-flux' ]
2 info using npm@1.4.28
3 info using node@v0.10.35
4 verbose cache add [ 'generator-flux', null ]
5 verbose cache add name=undefined spec="generator-flux" args=["generator-flux",null]
6 verbose parsed url { protocol: null,
6 verbose parsed url   slashes: null,
6 verbose parsed url   auth: null,
6 verbose parsed url   host: null,
6 verbose parsed url   port: null,
6 verbose parsed url   hostname: null,
6 verbose parsed url   hash: null,
6 verbose parsed url   search: null,
6 verbose parsed url   query: null,
6 verbose parsed url   pathname: 'generator-flux',
6 verbose parsed url   path: 'generator-flux',
6 verbose parsed url   href: 'generator-flux' }
7 silly lockFile 216f6cb0-generator-flux generator-flux
8 verbose lock generator-flux /Users/space/.npm/216f6cb0-generator-flux.lock
9 silly lockFile 216f6cb0-generator-flux generator-flux
10 silly lockFile 216f6cb0-generator-flux generator-flux
11 verbose addNamed [ 'generator-flux', '' ]
12 verbose addNamed [ null, '*' ]
13 silly lockFile 4a9e578f-generator-flux generator-flux@
14 verbose lock generator-flux@ /Users/space/.npm/4a9e578f-generator-flux.lock
15 silly addNameRange { name: 'generator-flux', range: '*', hasData: false }
16 verbose request where is /generator-flux
17 verbose request registry https://registry.npmjs.org/
18 verbose request id 65c1616877c409ea
19 verbose url raw /generator-flux
20 verbose url resolving [ 'https://registry.npmjs.org/', './generator-flux' ]
21 verbose url resolved https://registry.npmjs.org/generator-flux
22 verbose request where is https://registry.npmjs.org/generator-flux
23 info trying registry request attempt 1 at 23:16:36
24 http GET https://registry.npmjs.org/generator-flux
25 http 200 https://registry.npmjs.org/generator-flux
26 silly registry.get cb [ 200,
26 silly registry.get   { date: 'Wed, 04 Mar 2015 17:45:51 GMT',
26 silly registry.get     server: 'CouchDB/1.5.0 (Erlang OTP/R16B03)',
26 silly registry.get     etag: '"44P864ZMJFIMU2WDV6I2R83RS"',
26 silly registry.get     'content-type': 'application/json',
26 silly registry.get     'cache-control': 'max-age=60',
26 silly registry.get     'content-length': '25188',
26 silly registry.get     'accept-ranges': 'bytes',
26 silly registry.get     via: '1.1 varnish',
26 silly registry.get     age: '0',
26 silly registry.get     'x-served-by': 'cache-sn89-SIN',
26 silly registry.get     'x-cache': 'MISS',
26 silly registry.get     'x-cache-hits': '0',
26 silly registry.get     'x-timer': 'S1425491150.926228,VS0,VE1011',
26 silly registry.get     vary: 'Accept',
26 silly registry.get     'keep-alive': 'timeout=10, max=50',
26 silly registry.get     connection: 'Keep-Alive' } ]
27 silly addNameRange number 2 { name: 'generator-flux', range: '*', hasData: true }
28 silly addNameRange versions [ 'generator-flux',
28 silly addNameRange   [ '0.0.0',
28 silly addNameRange     '0.0.1',
28 silly addNameRange     '0.0.2',
28 silly addNameRange     '0.0.3',
28 silly addNameRange     '0.0.4',
28 silly addNameRange     '0.0.5',
28 silly addNameRange     '0.0.6',
28 silly addNameRange     '0.1.0',
28 silly addNameRange     '0.1.1',
28 silly addNameRange     '0.1.2',
28 silly addNameRange     '0.1.3',
28 silly addNameRange     '0.2.0',
28 silly addNameRange     '0.2.1',
28 silly addNameRange     '0.3.0',
28 silly addNameRange     '0.3.1',
28 silly addNameRange     '0.3.2' ] ]
29 verbose addNamed [ 'generator-flux', '0.3.2' ]
30 verbose addNamed [ '0.3.2', '0.3.2' ]
31 silly lockFile b667e240-generator-flux-0-3-2 generator-flux@0.3.2
32 verbose lock generator-flux@0.3.2 /Users/space/.npm/b667e240-generator-flux-0-3-2.lock
33 silly lockFile f2d5e6f8-or-flux-generator-flux-0-3-2-tgz https://registry.npmjs.org/generator-flux/-/generator-flux-0.3.2.tgz
34 verbose lock https://registry.npmjs.org/generator-flux/-/generator-flux-0.3.2.tgz /Users/space/.npm/f2d5e6f8-or-flux-generator-flux-0-3-2-tgz.lock
35 verbose addRemoteTarball [ 'https://registry.npmjs.org/generator-flux/-/generator-flux-0.3.2.tgz',
35 verbose addRemoteTarball   'adf4a07fbaa4e037bf4dfa97ee77ff2a1b71b9c7' ]
36 info retry fetch attempt 1 at 23:16:38
37 verbose fetch to= /var/folders/27/9wwzvcnd6jsgw6md3qphchfh0000gn/T/npm-4374-uH2oBolN/registry.npmjs.org/generator-flux/-/generator-flux-0.3.2.tgz
38 http GET https://registry.npmjs.org/generator-flux/-/generator-flux-0.3.2.tgz
39 http 200 https://registry.npmjs.org/generator-flux/-/generator-flux-0.3.2.tgz
40 silly lockFile f2d5e6f8-or-flux-generator-flux-0-3-2-tgz https://registry.npmjs.org/generator-flux/-/generator-flux-0.3.2.tgz
41 silly lockFile f2d5e6f8-or-flux-generator-flux-0-3-2-tgz https://registry.npmjs.org/generator-flux/-/generator-flux-0.3.2.tgz
42 silly lockFile b667e240-generator-flux-0-3-2 generator-flux@0.3.2
43 silly lockFile b667e240-generator-flux-0-3-2 generator-flux@0.3.2
44 silly lockFile 4a9e578f-generator-flux generator-flux@
45 silly lockFile 4a9e578f-generator-flux generator-flux@
46 silly resolved [ { name: 'generator-flux',
46 silly resolved     version: '0.3.2',
46 silly resolved     description: 'A yeoman generator for app based on Facebook\'s Flux/React architecture',
46 silly resolved     main: 'app/index.js',
46 silly resolved     repository:
46 silly resolved      { type: 'git',
46 silly resolved        url: 'https://github.com/banderson/generator-flux-react' },
46 silly resolved     keywords:
46 silly resolved      [ 'flux',
46 silly resolved        'react',
46 silly resolved        'react.js',
46 silly resolved        'reactjs',
46 silly resolved        'jsx',
46 silly resolved        'yeoman',
46 silly resolved        'yeoman-generator',
46 silly resolved        'facebook' ],
46 silly resolved     author: { name: 'Ben Anderson', email: 'banderson87@gmail.com' },
46 silly resolved     license: 'MIT',
46 silly resolved     bugs: { url: 'https://github.com/banderson/generator-flux-react/issues' },
46 silly resolved     homepage: 'https://github.com/banderson/generator-flux-react',
46 silly resolved     engines: { node: '>=0.10.0' },
46 silly resolved     dependencies:
46 silly resolved      { chalk: '~0.4.0',
46 silly resolved        slug: '^0.8.0',
46 silly resolved        'yeoman-generator': '~0.17.0',
46 silly resolved        yosay: '^0.1.0',
46 silly resolved        flux: '^2.0.1' },
46 silly resolved     devDependencies: { mocha: '*' },
46 silly resolved     peerDependencies: { yo: '>=1.0.0' },
46 silly resolved     scripts: { test: 'mocha' },
46 silly resolved     gitHead: 'b183d91b22c2fccf9615f9142f76a5e11700ad36',
46 silly resolved     _id: 'generator-flux@0.3.2',
46 silly resolved     _shasum: 'adf4a07fbaa4e037bf4dfa97ee77ff2a1b71b9c7',
46 silly resolved     _from: 'generator-flux@',
46 silly resolved     _npmVersion: '1.4.28',
46 silly resolved     _npmUser: { name: 'banderson', email: 'banderson87@gmail.com' },
46 silly resolved     maintainers: [ [Object] ],
46 silly resolved     dist:
46 silly resolved      { shasum: 'adf4a07fbaa4e037bf4dfa97ee77ff2a1b71b9c7',
46 silly resolved        tarball: 'http://registry.npmjs.org/generator-flux/-/generator-flux-0.3.2.tgz' },
46 silly resolved     directories: {},
46 silly resolved     _resolved: 'https://registry.npmjs.org/generator-flux/-/generator-flux-0.3.2.tgz' } ]
47 info install generator-flux@0.3.2 into /usr/local/lib
48 info installOne generator-flux@0.3.2
49 verbose lib/node_modules/generator-flux unbuild
50 verbose tar unpack /Users/space/.npm/generator-flux/0.3.2/package.tgz
51 silly lockFile 371cad1b--lib-node-modules-generator-flux tar:///usr/local/lib/node_modules/generator-flux
52 verbose lock tar:///usr/local/lib/node_modules/generator-flux /Users/space/.npm/371cad1b--lib-node-modules-generator-flux.lock
53 silly lockFile 5c5eec00-generator-flux-0-3-2-package-tgz tar:///Users/space/.npm/generator-flux/0.3.2/package.tgz
54 verbose lock tar:///Users/space/.npm/generator-flux/0.3.2/package.tgz /Users/space/.npm/5c5eec00-generator-flux-0-3-2-package-tgz.lock
55 silly gunzTarPerm modes [ '755', '644' ]
56 error Error: EACCES, mkdir '/usr/local/lib/node_modules/generator-flux'
56 error  { [Error: EACCES, mkdir '/usr/local/lib/node_modules/generator-flux']
56 error   errno: 3,
56 error   code: 'EACCES',
56 error   path: '/usr/local/lib/node_modules/generator-flux',
56 error   fstream_type: 'Directory',
56 error   fstream_path: '/usr/local/lib/node_modules/generator-flux',
56 error   fstream_class: 'DirWriter',
56 error   fstream_stack:
56 error    [ '/usr/local/lib/node_modules/npm/node_modules/fstream/lib/dir-writer.js:36:23',
56 error      '/usr/local/lib/node_modules/npm/node_modules/mkdirp/index.js:46:53',
56 error      'Object.oncomplete (fs.js:108:15)' ] }
57 error Please try running this command again as root/Administrator.
58 error System Darwin 14.1.0
59 error command "node" "/usr/local/bin/npm" "install" "-g" "generator-flux"
60 error cwd /Users/space/Desktop/git/nbook
61 error node -v v0.10.35
62 error npm -v 1.4.28
63 error path /usr/local/lib/node_modules/generator-flux
64 error fstream_path /usr/local/lib/node_modules/generator-flux
65 error fstream_type Directory
66 error fstream_class DirWriter
67 error code EACCES
68 error errno 3
69 error stack Error: EACCES, mkdir '/usr/local/lib/node_modules/generator-flux'
70 error fstream_stack /usr/local/lib/node_modules/npm/node_modules/fstream/lib/dir-writer.js:36:23
70 error fstream_stack /usr/local/lib/node_modules/npm/node_modules/mkdirp/index.js:46:53
70 error fstream_stack Object.oncomplete (fs.js:108:15)
71 verbose exit [ 3, true ]
